<?xml version="1.0" encoding="UTF-8"?>
<!-- Generated by org.testng.reporters.JUnitReportReporter -->
<testsuite hostname="DESKTOP-L5OTFUG" failures="0" tests="1" name="com.telemedicine.pageTest.PreviousRecordTest" time="16.848" errors="0" timestamp="2022-11-30T11:57:26 IST" skipped="0">
  <testcase classname="com.telemedicine.pageTest.PreviousRecordTest" name="add_Record_Test" time="16.848"/>
  <system-out/>
</testsuite> <!-- com.telemedicine.pageTest.PreviousRecordTest -->
