<?xml version="1.0" encoding="UTF-8"?>
<!-- Generated by org.testng.reporters.JUnitReportReporter -->
<testsuite hostname="DESKTOP-L5OTFUG" failures="0" tests="1" name="com.telemedicine.pageTest.IndexPageTest" time="10.141" errors="0" timestamp="2022-10-12T15:20:52 IST" skipped="0">
  <testcase classname="com.telemedicine.pageTest.IndexPageTest" name="clickOnpatientTest" time="10.141"/>
  <system-out/>
</testsuite> <!-- com.telemedicine.pageTest.IndexPageTest -->
