<?xml version="1.0" encoding="UTF-8"?>
<!-- Generated by org.testng.reporters.JUnitReportReporter -->
<testsuite hostname="DESKTOP-L5OTFUG" failures="0" tests="1" name="com.telemedicine.pageTest.PatientAppointmentPageTest" time="23.925" errors="0" timestamp="2022-10-29T16:25:38 IST" skipped="0">
  <testcase classname="com.telemedicine.pageTest.PatientAppointmentPageTest" name="fix_Appointment_Test" time="23.925"/>
  <system-out/>
</testsuite> <!-- com.telemedicine.pageTest.PatientAppointmentPageTest -->
