<?xml version="1.0" encoding="UTF-8"?>
<!-- Generated by org.testng.reporters.JUnitReportReporter -->
<testsuite hostname="DESKTOP-L5OTFUG" failures="0" tests="1" name="com.telemedicine.pageTest.PatientProfilePageTest" time="28.381" errors="0" timestamp="2022-10-27T10:58:23 IST" skipped="0">
  <testcase classname="com.telemedicine.pageTest.PatientProfilePageTest" name="createPatientProfile" time="28.381"/>
  <system-out/>
</testsuite> <!-- com.telemedicine.pageTest.PatientProfilePageTest -->
