<?xml version="1.0" encoding="UTF-8"?>
<!-- Generated by org.testng.reporters.JUnitReportReporter -->
<testsuite hostname="DESKTOP-L5OTFUG" failures="0" tests="1" name="com.telemedicine.pageTest.DashboardPageTest" time="18.875" errors="0" timestamp="2022-10-18T15:33:16 IST" skipped="0">
  <testcase classname="com.telemedicine.pageTest.DashboardPageTest" name="clickOnPatientPF" time="18.875"/>
  <system-out/>
</testsuite> <!-- com.telemedicine.pageTest.DashboardPageTest -->
