<?xml version="1.0" encoding="UTF-8"?>
<!-- Generated by org.testng.reporters.JUnitReportReporter -->
<testsuite hostname="DESKTOP-L5OTFUG" failures="0" tests="1" name="com.telemedicine.pageTest.DashboardPageTest" time="68.264" errors="0" timestamp="2023-02-10T11:02:40 IST" skipped="0">
  <testcase classname="com.telemedicine.pageTest.DashboardPageTest" name="clickOnPatientPF" time="68.264"/>
  <system-out/>
</testsuite> <!-- com.telemedicine.pageTest.DashboardPageTest -->
